
                   @@@@@@                          @@@    @@@
                     @@                             @@     @ 
                     @@                             @@@    @ 
                     @@           @@@       @@@     @ @@   @ 
                     @@         @@   @@   @@   @@   @ @@   @ 
                     @@        @@     @@ @@     @@  @  @@  @ 
                     @@        @@     @@ @@     @@  @   @@ @ 
                     @@        @@     @@ @@     @@  @   @@ @ 
                     @@      @ @@     @@ @@     @@  @    @@@ 
                     @@     @   @@   @@   @@   @@   @     @@ 
                   @@@@@@@@@@     @@@       @@@    @@@    @@ 

                           Local optimization on Nets

             Alliance CAD System 5.0 20090901, loon 5.0 [2003/12/07]
             Copyright (c) 2000-2019,                 ASIM/LIP6/UPMC
             Author(s):                              François Donnet
             E-mail        :             alliance-users@asim.lip6.fr

	MBK_IN_LO	: vst
	MBK_OUT_LO	: vst
	MBK_TARGET_LIB	: /usr/lib/alliance/cells/sxlib

Reading parameter file 'paramfile.lax'...
50% area - 50% delay optimization
Reading file 'fsmyaraj_b.vst'...
Controlling file 'paramfile.lax'...
Reading lib '/usr/lib/alliance/cells/sxlib'...
Capacitances on file 'fsmyaraj_b.vst'...
Delays on file 'fsmyaraj_b.vst'...2884 ps
Area on file 'fsmyaraj_b.vst'...65000 lamda² (with over-cell routing)
Details...
	inv_x2: 8 (9%)
	o2_x2: 5 (9%)
	no3_x1: 4 (7%)
	na4_x1: 3 (6%)
	no4_x1: 3 (6%)
	no2_x1: 3 (4%)
	sff1_x4: 3 (20%)
	on12_x1: 3 (5%)
	ao22_x2: 2 (4%)
	na2_x1: 2 (3%)
	a2_x2: 2 (3%)
	o3_x2: 2 (4%)
	nao22_x1: 1 (2%)
	noa22_x1: 1 (2%)
	nxr2_x1: 1 (3%)
	na3_x1: 1 (1%)
	a3_x2: 1 (2%)
	Total: 45
Worst RC on file 'fsmyaraj_b.vst'...303 ps
Inserting buffers on critical path for file 'fsmyaraj_b_l.vst'...1 buffer inserted -> 2864 ps
Improving RC on critical path for file 'fsmyaraj_b_l.vst'...2857 ps
Improving all RC for file 'fsmyaraj_b_l.vst'...
Worst RC on file 'fsmyaraj_b_l.vst'...303 ps
Area on file 'fsmyaraj_b_l.vst'...66000 lamda² (with over-cell routing)
Details...
	inv_x2: 8 (9%)
	o2_x2: 5 (9%)
	no3_x1: 4 (7%)
	na4_x1: 3 (6%)
	no4_x1: 3 (6%)
	no2_x1: 3 (4%)
	sff1_x4: 3 (20%)
	on12_x1: 3 (5%)
	ao22_x2: 2 (4%)
	na2_x1: 2 (3%)
	a2_x2: 2 (3%)
	o3_x2: 2 (4%)
	buf_x2: 1 (1%)
	nao22_x1: 1 (2%)
	noa22_x1: 1 (2%)
	nxr2_x1: 1 (3%)
	na3_x1: 1 (1%)
	a3_x2: 1 (2%)
	Total: 46
Critical path (no warranty)...2857 ps from 'dac_cs 1' to 'alarm'
Saving file 'fsmyaraj_b_l.vst'...
Saving delay gradient in xsch color file 'fsmyaraj_b_l.xsc'...
End of loon...

