
                   @@@@@@                          @@@    @@@
                     @@                             @@     @ 
                     @@                             @@@    @ 
                     @@           @@@       @@@     @ @@   @ 
                     @@         @@   @@   @@   @@   @ @@   @ 
                     @@        @@     @@ @@     @@  @  @@  @ 
                     @@        @@     @@ @@     @@  @   @@ @ 
                     @@        @@     @@ @@     @@  @   @@ @ 
                     @@      @ @@     @@ @@     @@  @    @@@ 
                     @@     @   @@   @@   @@   @@   @     @@ 
                   @@@@@@@@@@     @@@       @@@    @@@    @@ 

                           Local optimization on Nets

             Alliance CAD System 5.0 20090901, loon 5.0 [2003/12/07]
             Copyright (c) 2000-2019,                 ASIM/LIP6/UPMC
             Author(s):                              François Donnet
             E-mail        :             alliance-users@asim.lip6.fr

	MBK_IN_LO	: vst
	MBK_OUT_LO	: vst
	MBK_TARGET_LIB	: /usr/lib/alliance/cells/sxlib

Reading parameter file 'paramfile.lax'...
50% area - 50% delay optimization
Reading file 'fsmyarao_b.vst'...
Controlling file 'paramfile.lax'...
Reading lib '/usr/lib/alliance/cells/sxlib'...
Capacitances on file 'fsmyarao_b.vst'...
Delays on file 'fsmyarao_b.vst'...2786 ps
Area on file 'fsmyarao_b.vst'...79000 lamda² (with over-cell routing)
Details...
	inv_x2: 14 (13%)
	na2_x1: 8 (10%)
	no2_x1: 6 (7%)
	sff1_x4: 5 (28%)
	a3_x2: 3 (5%)
	o4_x2: 3 (6%)
	an12_x1: 3 (4%)
	a2_x2: 3 (4%)
	on12_x1: 2 (3%)
	na4_x1: 2 (3%)
	nao22_x1: 1 (1%)
	a4_x2: 1 (2%)
	o2_x2: 1 (1%)
	noa2ao222_x1: 1 (2%)
	noa22_x1: 1 (1%)
	o3_x2: 1 (1%)
	Total: 55
Worst RC on file 'fsmyarao_b.vst'...342 ps
Inserting buffers on critical path for file 'fsmyarao_b_l.vst'...2 buffers inserted -> 2728 ps
Improving RC on critical path for file 'fsmyarao_b_l.vst'...2718 ps
Improving all RC for file 'fsmyarao_b_l.vst'...
Worst RC on file 'fsmyarao_b_l.vst'...342 ps
Area on file 'fsmyarao_b_l.vst'...81000 lamda² (with over-cell routing)
Details...
	inv_x2: 14 (12%)
	na2_x1: 8 (9%)
	no2_x1: 6 (7%)
	sff1_x4: 5 (27%)
	a3_x2: 3 (5%)
	o4_x2: 3 (6%)
	an12_x1: 3 (4%)
	a2_x2: 3 (4%)
	buf_x2: 2 (2%)
	on12_x1: 2 (3%)
	na4_x1: 2 (3%)
	nao22_x1: 1 (1%)
	a4_x2: 1 (2%)
	o2_x2: 1 (1%)
	noa2ao222_x1: 1 (2%)
	noa22_x1: 1 (1%)
	o3_x2: 1 (1%)
	Total: 57
Critical path (no warranty)...2718 ps from 'dac_cs 3' to 'alarm'
Saving file 'fsmyarao_b_l.vst'...
Saving delay gradient in xsch color file 'fsmyarao_b_l.xsc'...
End of loon...

