
                  @@@@@@@                             @@@@ @  
                    @@   @@                         @@    @@  
                    @@    @@                       @@      @  
                    @@    @@     @@@       @@@    @@          
                    @@   @@    @@   @@   @@   @@  @@          
                    @@@@@@    @@     @@ @@     @@ @@     @@@@@
                    @@    @@  @@     @@ @@     @@ @@     @ @@ 
                    @@     @@ @@     @@ @@     @@ @@    @  @@ 
                    @@     @@ @@     @@ @@     @@  @@      @@ 
                    @@    @@   @@   @@   @@   @@    @@    @@  
                  @@@@@@@@       @@@       @@@        @@@@    

                         Binding and Optimizing On Gates

             Alliance CAD System 5.0 20090901, boog 5.0 [2003/01/09]
             Copyright (c) 2000-2019,                 ASIM/LIP6/UPMC
             Author(s):                              François Donnet
             E-mail        :             alliance-users@asim.lip6.fr

        MBK_VDD        : vdd
        MBK_VSS        : vss
        MBK_IN_LO      : vst
        MBK_OUT_LO     : vst
        MBK_WORK_LIB   : .
        MBK_TARGET_LIB : /usr/lib/alliance/cells/sxlib

Reading parameter file 'paramfile.lax'...
50% area - 50% delay optimization
Reading file 'fsmyarao_b.vbe'...
Controlling file 'paramfile.lax'...
Controlling file 'fsmyarao_b.vbe'...
Reading lib '/usr/lib/alliance/cells/sxlib'...
Controlling lib '/usr/lib/alliance/cells/sxlib'...
Preparing file 'fsmyarao_b.vbe'...
Capacitances on file 'fsmyarao_b.vbe'...
Unflattening file 'fsmyarao_b.vbe'...
Mapping file 'fsmyarao_b.vbe'...
Saving file 'fsmyarao_b.vst'...
Quick estimated critical path (no warranty)...1681 ps from 'dac_cs 2' to 'door'
Quick estimated area (with over-cell routing)...79000 lambda²
Details...
	inv_x2: 14
	na2_x1: 8
	no2_x1: 6
	sff1_x4: 5
	a3_x2: 3
	o4_x2: 3
	an12_x1: 3
	a2_x2: 3
	on12_x1: 2
	na4_x1: 2
	nao22_x1: 1
	a4_x2: 1
	o2_x2: 1
	noa2ao222_x1: 1
	noa22_x1: 1
	o3_x2: 1
	Total: 55
Saving delay gradient in xsch color file 'fsmyarao_b.xsc'...
End of boog...

