
                   @@@@@@                          @@@    @@@
                     @@                             @@     @ 
                     @@                             @@@    @ 
                     @@           @@@       @@@     @ @@   @ 
                     @@         @@   @@   @@   @@   @ @@   @ 
                     @@        @@     @@ @@     @@  @  @@  @ 
                     @@        @@     @@ @@     @@  @   @@ @ 
                     @@        @@     @@ @@     @@  @   @@ @ 
                     @@      @ @@     @@ @@     @@  @    @@@ 
                     @@     @   @@   @@   @@   @@   @     @@ 
                   @@@@@@@@@@     @@@       @@@    @@@    @@ 

                           Local optimization on Nets

             Alliance CAD System 5.0 20090901, loon 5.0 [2003/12/07]
             Copyright (c) 2000-2019,                 ASIM/LIP6/UPMC
             Author(s):                              François Donnet
             E-mail        :             alliance-users@asim.lip6.fr

	MBK_IN_LO	: vst
	MBK_OUT_LO	: vst
	MBK_TARGET_LIB	: /usr/lib/alliance/cells/sxlib

Reading parameter file 'paramfile.lax'...
50% area - 50% delay optimization
Reading file 'fsmyarar_b.vst'...
Controlling file 'paramfile.lax'...
Reading lib '/usr/lib/alliance/cells/sxlib'...
Capacitances on file 'fsmyarar_b.vst'...
Delays on file 'fsmyarar_b.vst'...2360 ps
Area on file 'fsmyarar_b.vst'...71000 lamda² (with over-cell routing)
Details...
	inv_x2: 10 (10%)
	na2_x1: 9 (12%)
	no2_x1: 5 (7%)
	on12_x1: 4 (7%)
	no3_x1: 3 (5%)
	na3_x1: 3 (5%)
	sff1_x4: 3 (19%)
	ao22_x2: 2 (4%)
	na4_x1: 2 (4%)
	a2_x2: 2 (3%)
	no4_x1: 1 (2%)
	oa2ao222_x2: 1 (3%)
	a3_x2: 1 (2%)
	xr2_x1: 1 (3%)
	noa22_x1: 1 (2%)
	nao22_x1: 1 (2%)
	o2_x2: 1 (1%)
	a4_x2: 1 (2%)
	an12_x1: 1 (1%)
	Total: 52
Worst RC on file 'fsmyarar_b.vst'...170 ps
Inserting buffers on critical path for file 'fsmyarar_b_l.vst'...None inserted
Improving RC on critical path for file 'fsmyarar_b_l.vst'...2303 ps
Improving all RC for file 'fsmyarar_b_l.vst'...
Worst RC on file 'fsmyarar_b_l.vst'...170 ps
Area on file 'fsmyarar_b_l.vst'...72500 lamda² (with over-cell routing)
Details...
	na2_x1: 9 (12%)
	inv_x2: 8 (8%)
	no2_x1: 5 (6%)
	on12_x1: 4 (6%)
	no3_x1: 3 (5%)
	na3_x1: 3 (5%)
	sff1_x4: 3 (18%)
	ao22_x2: 2 (4%)
	na4_x1: 2 (4%)
	a2_x2: 2 (3%)
	no4_x1: 1 (2%)
	oa2ao222_x4: 1 (3%)
	a3_x2: 1 (2%)
	xr2_x1: 1 (3%)
	noa22_x1: 1 (2%)
	nao22_x1: 1 (2%)
	o2_x2: 1 (1%)
	a4_x2: 1 (2%)
	an12_x1: 1 (1%)
	inv_x8: 1 (2%)
	inv_x4: 1 (1%)
	Total: 52
Critical path (no warranty)...2303 ps from 'dac_cs 1' to 'alarm'
Saving file 'fsmyarar_b_l.vst'...
Saving delay gradient in xsch color file 'fsmyarar_b_l.xsc'...
End of loon...

