
                   @@@@@@                          @@@    @@@
                     @@                             @@     @ 
                     @@                             @@@    @ 
                     @@           @@@       @@@     @ @@   @ 
                     @@         @@   @@   @@   @@   @ @@   @ 
                     @@        @@     @@ @@     @@  @  @@  @ 
                     @@        @@     @@ @@     @@  @   @@ @ 
                     @@        @@     @@ @@     @@  @   @@ @ 
                     @@      @ @@     @@ @@     @@  @    @@@ 
                     @@     @   @@   @@   @@   @@   @     @@ 
                   @@@@@@@@@@     @@@       @@@    @@@    @@ 

                           Local optimization on Nets

             Alliance CAD System 5.0 20090901, loon 5.0 [2003/12/07]
             Copyright (c) 2000-2019,                 ASIM/LIP6/UPMC
             Author(s):                              François Donnet
             E-mail        :             alliance-users@asim.lip6.fr

	MBK_IN_LO	: vst
	MBK_OUT_LO	: vst
	MBK_TARGET_LIB	: /usr/lib/alliance/cells/sxlib

Reading parameter file 'paramfile.lax'...
50% area - 50% delay optimization
Reading file 'fsmyaram_b.vst'...
Controlling file 'paramfile.lax'...
Reading lib '/usr/lib/alliance/cells/sxlib'...
Capacitances on file 'fsmyaram_b.vst'...
Delays on file 'fsmyaram_b.vst'...2853 ps
Area on file 'fsmyaram_b.vst'...60000 lamda² (with over-cell routing)
Details...
	inv_x2: 7 (8%)
	no2_x1: 7 (11%)
	na2_x1: 3 (5%)
	sff1_x4: 3 (22%)
	o2_x2: 3 (6%)
	o3_x2: 2 (5%)
	na3_x1: 2 (4%)
	a2_x2: 2 (4%)
	an12_x1: 2 (4%)
	no3_x1: 2 (4%)
	noa22_x1: 1 (2%)
	oa2ao222_x2: 1 (4%)
	oa2a22_x2: 1 (3%)
	ao22_x2: 1 (2%)
	oa22_x2: 1 (2%)
	a4_x2: 1 (2%)
	on12_x1: 1 (2%)
	xr2_x1: 1 (3%)
	Total: 41
Worst RC on file 'fsmyaram_b.vst'...303 ps
Inserting buffers on critical path for file 'fsmyaram_b_l.vst'...4 buffers inserted -> 2771 ps
Improving RC on critical path for file 'fsmyaram_b_l.vst'...2695 ps
Improving all RC for file 'fsmyaram_b_l.vst'...
Worst RC on file 'fsmyaram_b_l.vst'...303 ps
Area on file 'fsmyaram_b_l.vst'...64500 lamda² (with over-cell routing)
Details...
	no2_x1: 7 (10%)
	inv_x2: 6 (6%)
	buf_x2: 4 (6%)
	na2_x1: 3 (4%)
	sff1_x4: 3 (20%)
	o2_x2: 3 (5%)
	o3_x2: 2 (4%)
	na3_x1: 2 (3%)
	a2_x2: 2 (3%)
	an12_x1: 2 (3%)
	no3_x1: 2 (3%)
	noa22_x1: 1 (2%)
	oa2ao222_x4: 1 (4%)
	oa2a22_x2: 1 (3%)
	ao22_x2: 1 (2%)
	oa22_x2: 1 (2%)
	a4_x2: 1 (2%)
	inv_x4: 1 (1%)
	on12_x1: 1 (1%)
	xr2_x1: 1 (3%)
	Total: 45
Critical path (no warranty)...2695 ps from 'dac_cs 0' to 'alarm'
Saving file 'fsmyaram_b_l.vst'...
Saving delay gradient in xsch color file 'fsmyaram_b_l.xsc'...
End of loon...

