
                   @@@@@@                          @@@    @@@
                     @@                             @@     @ 
                     @@                             @@@    @ 
                     @@           @@@       @@@     @ @@   @ 
                     @@         @@   @@   @@   @@   @ @@   @ 
                     @@        @@     @@ @@     @@  @  @@  @ 
                     @@        @@     @@ @@     @@  @   @@ @ 
                     @@        @@     @@ @@     @@  @   @@ @ 
                     @@      @ @@     @@ @@     @@  @    @@@ 
                     @@     @   @@   @@   @@   @@   @     @@ 
                   @@@@@@@@@@     @@@       @@@    @@@    @@ 

                           Local optimization on Nets

             Alliance CAD System 5.0 20090901, loon 5.0 [2003/12/07]
             Copyright (c) 2000-2019,                 ASIM/LIP6/UPMC
             Author(s):                              François Donnet
             E-mail        :             alliance-users@asim.lip6.fr

	MBK_IN_LO	: vst
	MBK_OUT_LO	: vst
	MBK_TARGET_LIB	: /usr/lib/alliance/cells/sxlib

Reading parameter file 'paramfile.lax'...
50% area - 50% delay optimization
Reading file 'fsmyaraa_b.vst'...
Controlling file 'paramfile.lax'...
Reading lib '/usr/lib/alliance/cells/sxlib'...
Capacitances on file 'fsmyaraa_b.vst'...
Delays on file 'fsmyaraa_b.vst'...2433 ps
Area on file 'fsmyaraa_b.vst'...66000 lamda² (with over-cell routing)
Details...
	inv_x2: 9 (10%)
	no2_x1: 8 (12%)
	a2_x2: 5 (9%)
	na2_x1: 4 (6%)
	no3_x1: 4 (7%)
	ao22_x2: 3 (6%)
	na3_x1: 3 (5%)
	sff1_x4: 3 (20%)
	an12_x1: 2 (3%)
	on12_x1: 2 (3%)
	a3_x2: 1 (2%)
	oa2ao222_x2: 1 (3%)
	ao2o22_x2: 1 (3%)
	noa22_x1: 1 (2%)
	o3_x2: 1 (2%)
	Total: 48
Worst RC on file 'fsmyaraa_b.vst'...170 ps
Inserting buffers on critical path for file 'fsmyaraa_b_l.vst'...1 buffer inserted -> 2422 ps
Improving RC on critical path for file 'fsmyaraa_b_l.vst'...2373 ps
Improving all RC for file 'fsmyaraa_b_l.vst'...
Worst RC on file 'fsmyaraa_b_l.vst'...170 ps
Area on file 'fsmyaraa_b_l.vst'...67000 lamda² (with over-cell routing)
Details...
	inv_x2: 9 (10%)
	no2_x1: 8 (11%)
	a2_x2: 5 (9%)
	na2_x1: 4 (5%)
	no3_x1: 4 (7%)
	ao22_x2: 3 (6%)
	na3_x1: 3 (5%)
	sff1_x4: 3 (20%)
	an12_x1: 2 (3%)
	on12_x1: 2 (3%)
	buf_x2: 1 (1%)
	a3_x2: 1 (2%)
	oa2ao222_x2: 1 (3%)
	ao2o22_x2: 1 (3%)
	noa22_x1: 1 (2%)
	o3_x2: 1 (2%)
	Total: 49
Critical path (no warranty)...2373 ps from 'dac_cs 0' to 'alarm'
Saving file 'fsmyaraa_b_l.vst'...
Saving delay gradient in xsch color file 'fsmyaraa_b_l.xsc'...
End of loon...

